[ INFO ] [2016-07-27 22:20:12] org.springframework.test.context.support.DefaultTestContextBootstrapper [256] - Loaded default TestExecutionListener class names from location [META-INF/spring.factories]: [org.springframework.test.context.web.ServletTestExecutionListener, org.springframework.test.context.support.DependencyInjectionTestExecutionListener, org.springframework.test.context.support.DirtiesContextTestExecutionListener, org.springframework.test.context.transaction.TransactionalTestExecutionListener, org.springframework.test.context.jdbc.SqlScriptsTestExecutionListener]
[ INFO ] [2016-07-27 22:20:12] org.springframework.test.context.support.DefaultTestContextBootstrapper [182] - Using TestExecutionListeners: [org.springframework.test.context.web.ServletTestExecutionListener@3891771e, org.springframework.test.context.support.DependencyInjectionTestExecutionListener@78ac1102, org.springframework.test.context.support.DirtiesContextTestExecutionListener@2de8284b, org.springframework.test.context.transaction.TransactionalTestExecutionListener@396e2f39, org.springframework.test.context.jdbc.SqlScriptsTestExecutionListener@a74868d]
[ INFO ] [2016-07-27 22:20:12] org.springframework.beans.factory.xml.XmlBeanDefinitionReader [317] - Loading XML bean definitions from class path resource [spring-applicationContext.xml]
[ INFO ] [2016-07-27 22:20:12] org.springframework.context.support.GenericApplicationContext [510] - Refreshing org.springframework.context.support.GenericApplicationContext@6366ebe0: startup date [Wed Jul 27 22:20:12 CST 2016]; root of context hierarchy
[ INFO ] [2016-07-27 22:20:13] org.springframework.beans.factory.config.PreferencesPlaceholderConfigurer [172] - Loading properties file from class path resource [conn.properties]
[ INFO ] [2016-07-27 22:20:13] org.springframework.web.servlet.mvc.method.annotation.RequestMappingHandlerMapping [217] - Mapped "{[/],methods=[],params=[],headers=[],consumes=[],produces=[],custom=[]}" onto public java.lang.String com.springmvc.auth.controller.WebController.index()
[ INFO ] [2016-07-27 22:20:13] org.springframework.web.servlet.mvc.method.annotation.RequestMappingHandlerAdapter [517] - Looking for @ControllerAdvice: org.springframework.context.support.GenericApplicationContext@6366ebe0: startup date [Wed Jul 27 22:20:12 CST 2016]; root of context hierarchy
[ INFO ] [2016-07-27 22:20:13] org.springframework.web.servlet.mvc.method.annotation.RequestMappingHandlerAdapter [517] - Looking for @ControllerAdvice: org.springframework.context.support.GenericApplicationContext@6366ebe0: startup date [Wed Jul 27 22:20:12 CST 2016]; root of context hierarchy
[ INFO ] [2016-07-27 22:20:13] org.springframework.web.servlet.handler.SimpleUrlHandlerMapping [314] - Mapped URL path [/**] onto handler 'org.springframework.web.servlet.resource.DefaultServletHttpRequestHandler#0'
[ INFO ] [2016-07-27 22:20:13] org.springframework.ui.freemarker.SpringTemplateLoader [61] - SpringTemplateLoader for FreeMarker: using resource loader [org.springframework.context.support.GenericApplicationContext@6366ebe0: startup date [Wed Jul 27 22:20:12 CST 2016]; root of context hierarchy] and template loader path [/WEB-INF/views/]
[ INFO ] [2016-07-27 22:20:13] org.springframework.web.servlet.view.freemarker.FreeMarkerConfigurer [127] - ClassTemplateLoader for Spring macros added to FreeMarker configuration
[ INFO ] [2016-07-27 22:20:14] org.springframework.beans.factory.xml.XmlBeanDefinitionReader [317] - Loading XML bean definitions from class path resource [org/springframework/jdbc/support/sql-error-codes.xml]
[ INFO ] [2016-07-27 22:20:14] org.springframework.jdbc.support.SQLErrorCodesFactory [126] - SQLErrorCodes loaded: [DB2, Derby, H2, HSQL, Informix, MS-SQL, MySQL, Oracle, PostgreSQL, Sybase, Hana]
[ INFO ] [2016-07-27 22:20:14] org.springframework.context.support.GenericApplicationContext [862] - Closing org.springframework.context.support.GenericApplicationContext@6366ebe0: startup date [Wed Jul 27 22:20:12 CST 2016]; root of context hierarchy
[ INFO ] [2016-07-27 22:20:49] org.springframework.test.context.support.DefaultTestContextBootstrapper [256] - Loaded default TestExecutionListener class names from location [META-INF/spring.factories]: [org.springframework.test.context.web.ServletTestExecutionListener, org.springframework.test.context.support.DependencyInjectionTestExecutionListener, org.springframework.test.context.support.DirtiesContextTestExecutionListener, org.springframework.test.context.transaction.TransactionalTestExecutionListener, org.springframework.test.context.jdbc.SqlScriptsTestExecutionListener]
[ INFO ] [2016-07-27 22:20:49] org.springframework.test.context.support.DefaultTestContextBootstrapper [182] - Using TestExecutionListeners: [org.springframework.test.context.web.ServletTestExecutionListener@2de8284b, org.springframework.test.context.support.DependencyInjectionTestExecutionListener@396e2f39, org.springframework.test.context.support.DirtiesContextTestExecutionListener@a74868d, org.springframework.test.context.transaction.TransactionalTestExecutionListener@12c8a2c0, org.springframework.test.context.jdbc.SqlScriptsTestExecutionListener@7e0e6aa2]
[ INFO ] [2016-07-27 22:20:50] org.springframework.beans.factory.xml.XmlBeanDefinitionReader [317] - Loading XML bean definitions from class path resource [spring-applicationContext.xml]
[ INFO ] [2016-07-27 22:20:50] org.springframework.context.support.GenericApplicationContext [510] - Refreshing org.springframework.context.support.GenericApplicationContext@2698dc7: startup date [Wed Jul 27 22:20:50 CST 2016]; root of context hierarchy
[ INFO ] [2016-07-27 22:20:50] org.springframework.beans.factory.config.PreferencesPlaceholderConfigurer [172] - Loading properties file from class path resource [conn.properties]
[ INFO ] [2016-07-27 22:20:51] org.springframework.web.servlet.mvc.method.annotation.RequestMappingHandlerMapping [217] - Mapped "{[/],methods=[],params=[],headers=[],consumes=[],produces=[],custom=[]}" onto public java.lang.String com.springmvc.auth.controller.WebController.index()
[ INFO ] [2016-07-27 22:20:51] org.springframework.web.servlet.mvc.method.annotation.RequestMappingHandlerAdapter [517] - Looking for @ControllerAdvice: org.springframework.context.support.GenericApplicationContext@2698dc7: startup date [Wed Jul 27 22:20:50 CST 2016]; root of context hierarchy
[ INFO ] [2016-07-27 22:20:51] org.springframework.web.servlet.mvc.method.annotation.RequestMappingHandlerAdapter [517] - Looking for @ControllerAdvice: org.springframework.context.support.GenericApplicationContext@2698dc7: startup date [Wed Jul 27 22:20:50 CST 2016]; root of context hierarchy
[ INFO ] [2016-07-27 22:20:51] org.springframework.web.servlet.handler.SimpleUrlHandlerMapping [314] - Mapped URL path [/**] onto handler 'org.springframework.web.servlet.resource.DefaultServletHttpRequestHandler#0'
[ INFO ] [2016-07-27 22:20:51] org.springframework.ui.freemarker.SpringTemplateLoader [61] - SpringTemplateLoader for FreeMarker: using resource loader [org.springframework.context.support.GenericApplicationContext@2698dc7: startup date [Wed Jul 27 22:20:50 CST 2016]; root of context hierarchy] and template loader path [/WEB-INF/views/]
[ INFO ] [2016-07-27 22:20:51] org.springframework.web.servlet.view.freemarker.FreeMarkerConfigurer [127] - ClassTemplateLoader for Spring macros added to FreeMarker configuration
[ INFO ] [2016-07-27 22:20:52] org.springframework.context.support.GenericApplicationContext [862] - Closing org.springframework.context.support.GenericApplicationContext@2698dc7: startup date [Wed Jul 27 22:20:50 CST 2016]; root of context hierarchy
[ INFO ] [2016-07-27 22:21:21] org.springframework.test.context.support.DefaultTestContextBootstrapper [256] - Loaded default TestExecutionListener class names from location [META-INF/spring.factories]: [org.springframework.test.context.web.ServletTestExecutionListener, org.springframework.test.context.support.DependencyInjectionTestExecutionListener, org.springframework.test.context.support.DirtiesContextTestExecutionListener, org.springframework.test.context.transaction.TransactionalTestExecutionListener, org.springframework.test.context.jdbc.SqlScriptsTestExecutionListener]
[ INFO ] [2016-07-27 22:21:21] org.springframework.test.context.support.DefaultTestContextBootstrapper [182] - Using TestExecutionListeners: [org.springframework.test.context.web.ServletTestExecutionListener@2de8284b, org.springframework.test.context.support.DependencyInjectionTestExecutionListener@396e2f39, org.springframework.test.context.support.DirtiesContextTestExecutionListener@a74868d, org.springframework.test.context.transaction.TransactionalTestExecutionListener@12c8a2c0, org.springframework.test.context.jdbc.SqlScriptsTestExecutionListener@7e0e6aa2]
[ INFO ] [2016-07-27 22:21:21] org.springframework.beans.factory.xml.XmlBeanDefinitionReader [317] - Loading XML bean definitions from class path resource [spring-applicationContext.xml]
[ INFO ] [2016-07-27 22:21:22] org.springframework.context.support.GenericApplicationContext [510] - Refreshing org.springframework.context.support.GenericApplicationContext@2698dc7: startup date [Wed Jul 27 22:21:22 CST 2016]; root of context hierarchy
[ INFO ] [2016-07-27 22:21:22] org.springframework.beans.factory.config.PreferencesPlaceholderConfigurer [172] - Loading properties file from class path resource [conn.properties]
[ INFO ] [2016-07-27 22:21:23] org.springframework.web.servlet.mvc.method.annotation.RequestMappingHandlerMapping [217] - Mapped "{[/],methods=[],params=[],headers=[],consumes=[],produces=[],custom=[]}" onto public java.lang.String com.springmvc.auth.controller.WebController.index()
[ INFO ] [2016-07-27 22:21:23] org.springframework.web.servlet.mvc.method.annotation.RequestMappingHandlerAdapter [517] - Looking for @ControllerAdvice: org.springframework.context.support.GenericApplicationContext@2698dc7: startup date [Wed Jul 27 22:21:22 CST 2016]; root of context hierarchy
[ INFO ] [2016-07-27 22:21:23] org.springframework.web.servlet.mvc.method.annotation.RequestMappingHandlerAdapter [517] - Looking for @ControllerAdvice: org.springframework.context.support.GenericApplicationContext@2698dc7: startup date [Wed Jul 27 22:21:22 CST 2016]; root of context hierarchy
[ INFO ] [2016-07-27 22:21:23] org.springframework.web.servlet.handler.SimpleUrlHandlerMapping [314] - Mapped URL path [/**] onto handler 'org.springframework.web.servlet.resource.DefaultServletHttpRequestHandler#0'
[ INFO ] [2016-07-27 22:21:23] org.springframework.ui.freemarker.SpringTemplateLoader [61] - SpringTemplateLoader for FreeMarker: using resource loader [org.springframework.context.support.GenericApplicationContext@2698dc7: startup date [Wed Jul 27 22:21:22 CST 2016]; root of context hierarchy] and template loader path [/WEB-INF/views/]
[ INFO ] [2016-07-27 22:21:23] org.springframework.web.servlet.view.freemarker.FreeMarkerConfigurer [127] - ClassTemplateLoader for Spring macros added to FreeMarker configuration
[ INFO ] [2016-07-27 22:21:24] org.springframework.context.support.GenericApplicationContext [862] - Closing org.springframework.context.support.GenericApplicationContext@2698dc7: startup date [Wed Jul 27 22:21:22 CST 2016]; root of context hierarchy
[ INFO ] [2016-07-27 22:21:37] org.springframework.test.context.support.DefaultTestContextBootstrapper [256] - Loaded default TestExecutionListener class names from location [META-INF/spring.factories]: [org.springframework.test.context.web.ServletTestExecutionListener, org.springframework.test.context.support.DependencyInjectionTestExecutionListener, org.springframework.test.context.support.DirtiesContextTestExecutionListener, org.springframework.test.context.transaction.TransactionalTestExecutionListener, org.springframework.test.context.jdbc.SqlScriptsTestExecutionListener]
[ INFO ] [2016-07-27 22:21:37] org.springframework.test.context.support.DefaultTestContextBootstrapper [182] - Using TestExecutionListeners: [org.springframework.test.context.web.ServletTestExecutionListener@2de8284b, org.springframework.test.context.support.DependencyInjectionTestExecutionListener@396e2f39, org.springframework.test.context.support.DirtiesContextTestExecutionListener@a74868d, org.springframework.test.context.transaction.TransactionalTestExecutionListener@12c8a2c0, org.springframework.test.context.jdbc.SqlScriptsTestExecutionListener@7e0e6aa2]
[ INFO ] [2016-07-27 22:21:38] org.springframework.beans.factory.xml.XmlBeanDefinitionReader [317] - Loading XML bean definitions from class path resource [spring-applicationContext.xml]
[ INFO ] [2016-07-27 22:21:39] org.springframework.context.support.GenericApplicationContext [510] - Refreshing org.springframework.context.support.GenericApplicationContext@2698dc7: startup date [Wed Jul 27 22:21:39 CST 2016]; root of context hierarchy
[ INFO ] [2016-07-27 22:21:39] org.springframework.beans.factory.config.PreferencesPlaceholderConfigurer [172] - Loading properties file from class path resource [conn.properties]
[ INFO ] [2016-07-27 22:21:39] org.springframework.web.servlet.mvc.method.annotation.RequestMappingHandlerMapping [217] - Mapped "{[/],methods=[],params=[],headers=[],consumes=[],produces=[],custom=[]}" onto public java.lang.String com.springmvc.auth.controller.WebController.index()
[ INFO ] [2016-07-27 22:21:39] org.springframework.web.servlet.mvc.method.annotation.RequestMappingHandlerAdapter [517] - Looking for @ControllerAdvice: org.springframework.context.support.GenericApplicationContext@2698dc7: startup date [Wed Jul 27 22:21:39 CST 2016]; root of context hierarchy
[ INFO ] [2016-07-27 22:21:40] org.springframework.web.servlet.mvc.method.annotation.RequestMappingHandlerAdapter [517] - Looking for @ControllerAdvice: org.springframework.context.support.GenericApplicationContext@2698dc7: startup date [Wed Jul 27 22:21:39 CST 2016]; root of context hierarchy
[ INFO ] [2016-07-27 22:21:40] org.springframework.web.servlet.handler.SimpleUrlHandlerMapping [314] - Mapped URL path [/**] onto handler 'org.springframework.web.servlet.resource.DefaultServletHttpRequestHandler#0'
[ INFO ] [2016-07-27 22:21:40] org.springframework.ui.freemarker.SpringTemplateLoader [61] - SpringTemplateLoader for FreeMarker: using resource loader [org.springframework.context.support.GenericApplicationContext@2698dc7: startup date [Wed Jul 27 22:21:39 CST 2016]; root of context hierarchy] and template loader path [/WEB-INF/views/]
[ INFO ] [2016-07-27 22:21:40] org.springframework.web.servlet.view.freemarker.FreeMarkerConfigurer [127] - ClassTemplateLoader for Spring macros added to FreeMarker configuration
[ INFO ] [2016-07-27 22:21:41] org.springframework.context.support.GenericApplicationContext [862] - Closing org.springframework.context.support.GenericApplicationContext@2698dc7: startup date [Wed Jul 27 22:21:39 CST 2016]; root of context hierarchy
[ INFO ] [2016-07-27 22:22:49] org.springframework.test.context.support.DefaultTestContextBootstrapper [256] - Loaded default TestExecutionListener class names from location [META-INF/spring.factories]: [org.springframework.test.context.web.ServletTestExecutionListener, org.springframework.test.context.support.DependencyInjectionTestExecutionListener, org.springframework.test.context.support.DirtiesContextTestExecutionListener, org.springframework.test.context.transaction.TransactionalTestExecutionListener, org.springframework.test.context.jdbc.SqlScriptsTestExecutionListener]
[ INFO ] [2016-07-27 22:22:49] org.springframework.test.context.support.DefaultTestContextBootstrapper [182] - Using TestExecutionListeners: [org.springframework.test.context.web.ServletTestExecutionListener@2de8284b, org.springframework.test.context.support.DependencyInjectionTestExecutionListener@396e2f39, org.springframework.test.context.support.DirtiesContextTestExecutionListener@a74868d, org.springframework.test.context.transaction.TransactionalTestExecutionListener@12c8a2c0, org.springframework.test.context.jdbc.SqlScriptsTestExecutionListener@7e0e6aa2]
[ INFO ] [2016-07-27 22:22:49] org.springframework.beans.factory.xml.XmlBeanDefinitionReader [317] - Loading XML bean definitions from class path resource [spring-applicationContext.xml]
[ INFO ] [2016-07-27 22:22:50] org.springframework.context.support.GenericApplicationContext [510] - Refreshing org.springframework.context.support.GenericApplicationContext@2698dc7: startup date [Wed Jul 27 22:22:50 CST 2016]; root of context hierarchy
[ INFO ] [2016-07-27 22:22:50] org.springframework.beans.factory.config.PreferencesPlaceholderConfigurer [172] - Loading properties file from class path resource [conn.properties]
[ INFO ] [2016-07-27 22:22:50] org.springframework.web.servlet.mvc.method.annotation.RequestMappingHandlerMapping [217] - Mapped "{[/],methods=[],params=[],headers=[],consumes=[],produces=[],custom=[]}" onto public java.lang.String com.springmvc.auth.controller.WebController.index()
[ INFO ] [2016-07-27 22:22:51] org.springframework.web.servlet.mvc.method.annotation.RequestMappingHandlerAdapter [517] - Looking for @ControllerAdvice: org.springframework.context.support.GenericApplicationContext@2698dc7: startup date [Wed Jul 27 22:22:50 CST 2016]; root of context hierarchy
[ INFO ] [2016-07-27 22:22:51] org.springframework.web.servlet.mvc.method.annotation.RequestMappingHandlerAdapter [517] - Looking for @ControllerAdvice: org.springframework.context.support.GenericApplicationContext@2698dc7: startup date [Wed Jul 27 22:22:50 CST 2016]; root of context hierarchy
[ INFO ] [2016-07-27 22:22:51] org.springframework.web.servlet.handler.SimpleUrlHandlerMapping [314] - Mapped URL path [/**] onto handler 'org.springframework.web.servlet.resource.DefaultServletHttpRequestHandler#0'
[ INFO ] [2016-07-27 22:22:51] org.springframework.ui.freemarker.SpringTemplateLoader [61] - SpringTemplateLoader for FreeMarker: using resource loader [org.springframework.context.support.GenericApplicationContext@2698dc7: startup date [Wed Jul 27 22:22:50 CST 2016]; root of context hierarchy] and template loader path [/WEB-INF/views/]
[ INFO ] [2016-07-27 22:22:51] org.springframework.web.servlet.view.freemarker.FreeMarkerConfigurer [127] - ClassTemplateLoader for Spring macros added to FreeMarker configuration
[ INFO ] [2016-07-27 22:22:52] org.springframework.context.support.GenericApplicationContext [862] - Closing org.springframework.context.support.GenericApplicationContext@2698dc7: startup date [Wed Jul 27 22:22:50 CST 2016]; root of context hierarchy
[ INFO ] [2016-07-27 22:23:09] org.springframework.test.context.support.DefaultTestContextBootstrapper [256] - Loaded default TestExecutionListener class names from location [META-INF/spring.factories]: [org.springframework.test.context.web.ServletTestExecutionListener, org.springframework.test.context.support.DependencyInjectionTestExecutionListener, org.springframework.test.context.support.DirtiesContextTestExecutionListener, org.springframework.test.context.transaction.TransactionalTestExecutionListener, org.springframework.test.context.jdbc.SqlScriptsTestExecutionListener]
[ INFO ] [2016-07-27 22:23:09] org.springframework.test.context.support.DefaultTestContextBootstrapper [182] - Using TestExecutionListeners: [org.springframework.test.context.web.ServletTestExecutionListener@2de8284b, org.springframework.test.context.support.DependencyInjectionTestExecutionListener@396e2f39, org.springframework.test.context.support.DirtiesContextTestExecutionListener@a74868d, org.springframework.test.context.transaction.TransactionalTestExecutionListener@12c8a2c0, org.springframework.test.context.jdbc.SqlScriptsTestExecutionListener@7e0e6aa2]
[ INFO ] [2016-07-27 22:23:09] org.springframework.beans.factory.xml.XmlBeanDefinitionReader [317] - Loading XML bean definitions from class path resource [spring-applicationContext.xml]
[ INFO ] [2016-07-27 22:23:10] org.springframework.context.support.GenericApplicationContext [510] - Refreshing org.springframework.context.support.GenericApplicationContext@2698dc7: startup date [Wed Jul 27 22:23:10 CST 2016]; root of context hierarchy
[ INFO ] [2016-07-27 22:23:10] org.springframework.beans.factory.config.PreferencesPlaceholderConfigurer [172] - Loading properties file from class path resource [conn.properties]
[ INFO ] [2016-07-27 22:23:11] org.springframework.web.servlet.mvc.method.annotation.RequestMappingHandlerMapping [217] - Mapped "{[/],methods=[],params=[],headers=[],consumes=[],produces=[],custom=[]}" onto public java.lang.String com.springmvc.auth.controller.WebController.index()
[ INFO ] [2016-07-27 22:23:11] org.springframework.web.servlet.mvc.method.annotation.RequestMappingHandlerAdapter [517] - Looking for @ControllerAdvice: org.springframework.context.support.GenericApplicationContext@2698dc7: startup date [Wed Jul 27 22:23:10 CST 2016]; root of context hierarchy
[ INFO ] [2016-07-27 22:23:11] org.springframework.web.servlet.mvc.method.annotation.RequestMappingHandlerAdapter [517] - Looking for @ControllerAdvice: org.springframework.context.support.GenericApplicationContext@2698dc7: startup date [Wed Jul 27 22:23:10 CST 2016]; root of context hierarchy
[ INFO ] [2016-07-27 22:23:11] org.springframework.web.servlet.handler.SimpleUrlHandlerMapping [314] - Mapped URL path [/**] onto handler 'org.springframework.web.servlet.resource.DefaultServletHttpRequestHandler#0'
[ INFO ] [2016-07-27 22:23:11] org.springframework.ui.freemarker.SpringTemplateLoader [61] - SpringTemplateLoader for FreeMarker: using resource loader [org.springframework.context.support.GenericApplicationContext@2698dc7: startup date [Wed Jul 27 22:23:10 CST 2016]; root of context hierarchy] and template loader path [/WEB-INF/views/]
[ INFO ] [2016-07-27 22:23:11] org.springframework.web.servlet.view.freemarker.FreeMarkerConfigurer [127] - ClassTemplateLoader for Spring macros added to FreeMarker configuration
[ INFO ] [2016-07-27 22:23:12] org.springframework.context.support.GenericApplicationContext [862] - Closing org.springframework.context.support.GenericApplicationContext@2698dc7: startup date [Wed Jul 27 22:23:10 CST 2016]; root of context hierarchy
[ INFO ] [2016-07-27 22:23:44] org.springframework.test.context.support.DefaultTestContextBootstrapper [256] - Loaded default TestExecutionListener class names from location [META-INF/spring.factories]: [org.springframework.test.context.web.ServletTestExecutionListener, org.springframework.test.context.support.DependencyInjectionTestExecutionListener, org.springframework.test.context.support.DirtiesContextTestExecutionListener, org.springframework.test.context.transaction.TransactionalTestExecutionListener, org.springframework.test.context.jdbc.SqlScriptsTestExecutionListener]
[ INFO ] [2016-07-27 22:23:44] org.springframework.test.context.support.DefaultTestContextBootstrapper [182] - Using TestExecutionListeners: [org.springframework.test.context.web.ServletTestExecutionListener@2de8284b, org.springframework.test.context.support.DependencyInjectionTestExecutionListener@396e2f39, org.springframework.test.context.support.DirtiesContextTestExecutionListener@a74868d, org.springframework.test.context.transaction.TransactionalTestExecutionListener@12c8a2c0, org.springframework.test.context.jdbc.SqlScriptsTestExecutionListener@7e0e6aa2]
[ INFO ] [2016-07-27 22:23:44] org.springframework.beans.factory.xml.XmlBeanDefinitionReader [317] - Loading XML bean definitions from class path resource [spring-applicationContext.xml]
[ INFO ] [2016-07-27 22:23:45] org.springframework.context.support.GenericApplicationContext [510] - Refreshing org.springframework.context.support.GenericApplicationContext@2698dc7: startup date [Wed Jul 27 22:23:45 CST 2016]; root of context hierarchy
[ INFO ] [2016-07-27 22:23:45] org.springframework.beans.factory.config.PreferencesPlaceholderConfigurer [172] - Loading properties file from class path resource [conn.properties]
[ INFO ] [2016-07-27 22:23:46] org.springframework.web.servlet.mvc.method.annotation.RequestMappingHandlerMapping [217] - Mapped "{[/],methods=[],params=[],headers=[],consumes=[],produces=[],custom=[]}" onto public java.lang.String com.springmvc.auth.controller.WebController.index()
[ INFO ] [2016-07-27 22:23:46] org.springframework.web.servlet.mvc.method.annotation.RequestMappingHandlerAdapter [517] - Looking for @ControllerAdvice: org.springframework.context.support.GenericApplicationContext@2698dc7: startup date [Wed Jul 27 22:23:45 CST 2016]; root of context hierarchy
[ INFO ] [2016-07-27 22:23:46] org.springframework.web.servlet.mvc.method.annotation.RequestMappingHandlerAdapter [517] - Looking for @ControllerAdvice: org.springframework.context.support.GenericApplicationContext@2698dc7: startup date [Wed Jul 27 22:23:45 CST 2016]; root of context hierarchy
[ INFO ] [2016-07-27 22:23:46] org.springframework.web.servlet.handler.SimpleUrlHandlerMapping [314] - Mapped URL path [/**] onto handler 'org.springframework.web.servlet.resource.DefaultServletHttpRequestHandler#0'
[ INFO ] [2016-07-27 22:23:46] org.springframework.ui.freemarker.SpringTemplateLoader [61] - SpringTemplateLoader for FreeMarker: using resource loader [org.springframework.context.support.GenericApplicationContext@2698dc7: startup date [Wed Jul 27 22:23:45 CST 2016]; root of context hierarchy] and template loader path [/WEB-INF/views/]
[ INFO ] [2016-07-27 22:23:46] org.springframework.web.servlet.view.freemarker.FreeMarkerConfigurer [127] - ClassTemplateLoader for Spring macros added to FreeMarker configuration
[ INFO ] [2016-07-27 22:23:47] org.springframework.context.support.GenericApplicationContext [862] - Closing org.springframework.context.support.GenericApplicationContext@2698dc7: startup date [Wed Jul 27 22:23:45 CST 2016]; root of context hierarchy
[ INFO ] [2016-07-27 22:24:43] org.springframework.test.context.support.DefaultTestContextBootstrapper [256] - Loaded default TestExecutionListener class names from location [META-INF/spring.factories]: [org.springframework.test.context.web.ServletTestExecutionListener, org.springframework.test.context.support.DependencyInjectionTestExecutionListener, org.springframework.test.context.support.DirtiesContextTestExecutionListener, org.springframework.test.context.transaction.TransactionalTestExecutionListener, org.springframework.test.context.jdbc.SqlScriptsTestExecutionListener]
[ INFO ] [2016-07-27 22:24:43] org.springframework.test.context.support.DefaultTestContextBootstrapper [182] - Using TestExecutionListeners: [org.springframework.test.context.web.ServletTestExecutionListener@2de8284b, org.springframework.test.context.support.DependencyInjectionTestExecutionListener@396e2f39, org.springframework.test.context.support.DirtiesContextTestExecutionListener@a74868d, org.springframework.test.context.transaction.TransactionalTestExecutionListener@12c8a2c0, org.springframework.test.context.jdbc.SqlScriptsTestExecutionListener@7e0e6aa2]
[ INFO ] [2016-07-27 22:24:44] org.springframework.beans.factory.xml.XmlBeanDefinitionReader [317] - Loading XML bean definitions from class path resource [spring-applicationContext.xml]
[ INFO ] [2016-07-27 22:24:44] org.springframework.context.support.GenericApplicationContext [510] - Refreshing org.springframework.context.support.GenericApplicationContext@2698dc7: startup date [Wed Jul 27 22:24:44 CST 2016]; root of context hierarchy
[ INFO ] [2016-07-27 22:24:45] org.springframework.beans.factory.config.PreferencesPlaceholderConfigurer [172] - Loading properties file from class path resource [conn.properties]
[ INFO ] [2016-07-27 22:24:45] org.springframework.web.servlet.mvc.method.annotation.RequestMappingHandlerMapping [217] - Mapped "{[/],methods=[],params=[],headers=[],consumes=[],produces=[],custom=[]}" onto public java.lang.String com.springmvc.auth.controller.WebController.index()
[ INFO ] [2016-07-27 22:24:45] org.springframework.web.servlet.mvc.method.annotation.RequestMappingHandlerAdapter [517] - Looking for @ControllerAdvice: org.springframework.context.support.GenericApplicationContext@2698dc7: startup date [Wed Jul 27 22:24:44 CST 2016]; root of context hierarchy
[ INFO ] [2016-07-27 22:24:46] org.springframework.web.servlet.mvc.method.annotation.RequestMappingHandlerAdapter [517] - Looking for @ControllerAdvice: org.springframework.context.support.GenericApplicationContext@2698dc7: startup date [Wed Jul 27 22:24:44 CST 2016]; root of context hierarchy
[ INFO ] [2016-07-27 22:24:46] org.springframework.web.servlet.handler.SimpleUrlHandlerMapping [314] - Mapped URL path [/**] onto handler 'org.springframework.web.servlet.resource.DefaultServletHttpRequestHandler#0'
[ INFO ] [2016-07-27 22:24:46] org.springframework.ui.freemarker.SpringTemplateLoader [61] - SpringTemplateLoader for FreeMarker: using resource loader [org.springframework.context.support.GenericApplicationContext@2698dc7: startup date [Wed Jul 27 22:24:44 CST 2016]; root of context hierarchy] and template loader path [/WEB-INF/views/]
[ INFO ] [2016-07-27 22:24:46] org.springframework.web.servlet.view.freemarker.FreeMarkerConfigurer [127] - ClassTemplateLoader for Spring macros added to FreeMarker configuration
[ INFO ] [2016-07-27 22:24:47] org.springframework.context.support.GenericApplicationContext [862] - Closing org.springframework.context.support.GenericApplicationContext@2698dc7: startup date [Wed Jul 27 22:24:44 CST 2016]; root of context hierarchy
[ INFO ] [2016-07-27 22:25:55] org.springframework.test.context.support.DefaultTestContextBootstrapper [256] - Loaded default TestExecutionListener class names from location [META-INF/spring.factories]: [org.springframework.test.context.web.ServletTestExecutionListener, org.springframework.test.context.support.DependencyInjectionTestExecutionListener, org.springframework.test.context.support.DirtiesContextTestExecutionListener, org.springframework.test.context.transaction.TransactionalTestExecutionListener, org.springframework.test.context.jdbc.SqlScriptsTestExecutionListener]
[ INFO ] [2016-07-27 22:25:55] org.springframework.test.context.support.DefaultTestContextBootstrapper [182] - Using TestExecutionListeners: [org.springframework.test.context.web.ServletTestExecutionListener@2de8284b, org.springframework.test.context.support.DependencyInjectionTestExecutionListener@396e2f39, org.springframework.test.context.support.DirtiesContextTestExecutionListener@a74868d, org.springframework.test.context.transaction.TransactionalTestExecutionListener@12c8a2c0, org.springframework.test.context.jdbc.SqlScriptsTestExecutionListener@7e0e6aa2]
[ INFO ] [2016-07-27 22:25:55] org.springframework.beans.factory.xml.XmlBeanDefinitionReader [317] - Loading XML bean definitions from class path resource [spring-applicationContext.xml]
[ INFO ] [2016-07-27 22:25:55] org.springframework.context.support.GenericApplicationContext [510] - Refreshing org.springframework.context.support.GenericApplicationContext@2698dc7: startup date [Wed Jul 27 22:25:55 CST 2016]; root of context hierarchy
[ INFO ] [2016-07-27 22:25:56] org.springframework.beans.factory.config.PreferencesPlaceholderConfigurer [172] - Loading properties file from class path resource [conn.properties]
[ INFO ] [2016-07-27 22:25:56] org.springframework.web.servlet.mvc.method.annotation.RequestMappingHandlerMapping [217] - Mapped "{[/],methods=[],params=[],headers=[],consumes=[],produces=[],custom=[]}" onto public java.lang.String com.springmvc.auth.controller.WebController.index()
[ INFO ] [2016-07-27 22:25:57] org.springframework.web.servlet.mvc.method.annotation.RequestMappingHandlerAdapter [517] - Looking for @ControllerAdvice: org.springframework.context.support.GenericApplicationContext@2698dc7: startup date [Wed Jul 27 22:25:55 CST 2016]; root of context hierarchy
[ INFO ] [2016-07-27 22:25:57] org.springframework.web.servlet.mvc.method.annotation.RequestMappingHandlerAdapter [517] - Looking for @ControllerAdvice: org.springframework.context.support.GenericApplicationContext@2698dc7: startup date [Wed Jul 27 22:25:55 CST 2016]; root of context hierarchy
[ INFO ] [2016-07-27 22:25:57] org.springframework.web.servlet.handler.SimpleUrlHandlerMapping [314] - Mapped URL path [/**] onto handler 'org.springframework.web.servlet.resource.DefaultServletHttpRequestHandler#0'
[ INFO ] [2016-07-27 22:25:57] org.springframework.ui.freemarker.SpringTemplateLoader [61] - SpringTemplateLoader for FreeMarker: using resource loader [org.springframework.context.support.GenericApplicationContext@2698dc7: startup date [Wed Jul 27 22:25:55 CST 2016]; root of context hierarchy] and template loader path [/WEB-INF/views/]
[ INFO ] [2016-07-27 22:25:57] org.springframework.web.servlet.view.freemarker.FreeMarkerConfigurer [127] - ClassTemplateLoader for Spring macros added to FreeMarker configuration
[ INFO ] [2016-07-27 22:25:58] org.springframework.context.support.GenericApplicationContext [862] - Closing org.springframework.context.support.GenericApplicationContext@2698dc7: startup date [Wed Jul 27 22:25:55 CST 2016]; root of context hierarchy
[ INFO ] [2016-07-27 22:26:47] org.springframework.test.context.support.DefaultTestContextBootstrapper [256] - Loaded default TestExecutionListener class names from location [META-INF/spring.factories]: [org.springframework.test.context.web.ServletTestExecutionListener, org.springframework.test.context.support.DependencyInjectionTestExecutionListener, org.springframework.test.context.support.DirtiesContextTestExecutionListener, org.springframework.test.context.transaction.TransactionalTestExecutionListener, org.springframework.test.context.jdbc.SqlScriptsTestExecutionListener]
[ INFO ] [2016-07-27 22:26:47] org.springframework.test.context.support.DefaultTestContextBootstrapper [182] - Using TestExecutionListeners: [org.springframework.test.context.web.ServletTestExecutionListener@2de8284b, org.springframework.test.context.support.DependencyInjectionTestExecutionListener@396e2f39, org.springframework.test.context.support.DirtiesContextTestExecutionListener@a74868d, org.springframework.test.context.transaction.TransactionalTestExecutionListener@12c8a2c0, org.springframework.test.context.jdbc.SqlScriptsTestExecutionListener@7e0e6aa2]
[ INFO ] [2016-07-27 22:26:48] org.springframework.beans.factory.xml.XmlBeanDefinitionReader [317] - Loading XML bean definitions from class path resource [spring-applicationContext.xml]
[ INFO ] [2016-07-27 22:26:48] org.springframework.context.support.GenericApplicationContext [510] - Refreshing org.springframework.context.support.GenericApplicationContext@2698dc7: startup date [Wed Jul 27 22:26:48 CST 2016]; root of context hierarchy
[ INFO ] [2016-07-27 22:26:49] org.springframework.beans.factory.config.PreferencesPlaceholderConfigurer [172] - Loading properties file from class path resource [conn.properties]
[ INFO ] [2016-07-27 22:26:50] org.springframework.web.servlet.mvc.method.annotation.RequestMappingHandlerMapping [217] - Mapped "{[/],methods=[],params=[],headers=[],consumes=[],produces=[],custom=[]}" onto public java.lang.String com.springmvc.auth.controller.WebController.index()
[ INFO ] [2016-07-27 22:26:50] org.springframework.web.servlet.mvc.method.annotation.RequestMappingHandlerAdapter [517] - Looking for @ControllerAdvice: org.springframework.context.support.GenericApplicationContext@2698dc7: startup date [Wed Jul 27 22:26:48 CST 2016]; root of context hierarchy
[ INFO ] [2016-07-27 22:26:50] org.springframework.web.servlet.mvc.method.annotation.RequestMappingHandlerAdapter [517] - Looking for @ControllerAdvice: org.springframework.context.support.GenericApplicationContext@2698dc7: startup date [Wed Jul 27 22:26:48 CST 2016]; root of context hierarchy
[ INFO ] [2016-07-27 22:26:50] org.springframework.web.servlet.handler.SimpleUrlHandlerMapping [314] - Mapped URL path [/**] onto handler 'org.springframework.web.servlet.resource.DefaultServletHttpRequestHandler#0'
[ INFO ] [2016-07-27 22:26:50] org.springframework.ui.freemarker.SpringTemplateLoader [61] - SpringTemplateLoader for FreeMarker: using resource loader [org.springframework.context.support.GenericApplicationContext@2698dc7: startup date [Wed Jul 27 22:26:48 CST 2016]; root of context hierarchy] and template loader path [/WEB-INF/views/]
[ INFO ] [2016-07-27 22:26:50] org.springframework.web.servlet.view.freemarker.FreeMarkerConfigurer [127] - ClassTemplateLoader for Spring macros added to FreeMarker configuration
[ INFO ] [2016-07-27 22:26:51] com.springmvc.auth.dao.UserDao [85] - findByIds sqlselect * from auth_user where id in (2,,)
[ INFO ] [2016-07-27 22:26:51] org.springframework.beans.factory.xml.XmlBeanDefinitionReader [317] - Loading XML bean definitions from class path resource [org/springframework/jdbc/support/sql-error-codes.xml]
[ INFO ] [2016-07-27 22:26:51] org.springframework.jdbc.support.SQLErrorCodesFactory [126] - SQLErrorCodes loaded: [DB2, Derby, H2, HSQL, Informix, MS-SQL, MySQL, Oracle, PostgreSQL, Sybase, Hana]
[ INFO ] [2016-07-27 22:26:51] org.springframework.context.support.GenericApplicationContext [862] - Closing org.springframework.context.support.GenericApplicationContext@2698dc7: startup date [Wed Jul 27 22:26:48 CST 2016]; root of context hierarchy
[ INFO ] [2016-07-27 22:29:00] org.springframework.test.context.support.DefaultTestContextBootstrapper [256] - Loaded default TestExecutionListener class names from location [META-INF/spring.factories]: [org.springframework.test.context.web.ServletTestExecutionListener, org.springframework.test.context.support.DependencyInjectionTestExecutionListener, org.springframework.test.context.support.DirtiesContextTestExecutionListener, org.springframework.test.context.transaction.TransactionalTestExecutionListener, org.springframework.test.context.jdbc.SqlScriptsTestExecutionListener]
[ INFO ] [2016-07-27 22:29:00] org.springframework.test.context.support.DefaultTestContextBootstrapper [182] - Using TestExecutionListeners: [org.springframework.test.context.web.ServletTestExecutionListener@2de8284b, org.springframework.test.context.support.DependencyInjectionTestExecutionListener@396e2f39, org.springframework.test.context.support.DirtiesContextTestExecutionListener@a74868d, org.springframework.test.context.transaction.TransactionalTestExecutionListener@12c8a2c0, org.springframework.test.context.jdbc.SqlScriptsTestExecutionListener@7e0e6aa2]
[ INFO ] [2016-07-27 22:29:00] org.springframework.beans.factory.xml.XmlBeanDefinitionReader [317] - Loading XML bean definitions from class path resource [spring-applicationContext.xml]
[ INFO ] [2016-07-27 22:29:01] org.springframework.context.support.GenericApplicationContext [510] - Refreshing org.springframework.context.support.GenericApplicationContext@2698dc7: startup date [Wed Jul 27 22:29:01 CST 2016]; root of context hierarchy
[ INFO ] [2016-07-27 22:29:01] org.springframework.beans.factory.config.PreferencesPlaceholderConfigurer [172] - Loading properties file from class path resource [conn.properties]
[ INFO ] [2016-07-27 22:29:02] org.springframework.web.servlet.mvc.method.annotation.RequestMappingHandlerMapping [217] - Mapped "{[/],methods=[],params=[],headers=[],consumes=[],produces=[],custom=[]}" onto public java.lang.String com.springmvc.auth.controller.WebController.index()
[ INFO ] [2016-07-27 22:29:02] org.springframework.web.servlet.mvc.method.annotation.RequestMappingHandlerAdapter [517] - Looking for @ControllerAdvice: org.springframework.context.support.GenericApplicationContext@2698dc7: startup date [Wed Jul 27 22:29:01 CST 2016]; root of context hierarchy
[ INFO ] [2016-07-27 22:29:02] org.springframework.web.servlet.mvc.method.annotation.RequestMappingHandlerAdapter [517] - Looking for @ControllerAdvice: org.springframework.context.support.GenericApplicationContext@2698dc7: startup date [Wed Jul 27 22:29:01 CST 2016]; root of context hierarchy
[ INFO ] [2016-07-27 22:29:02] org.springframework.web.servlet.handler.SimpleUrlHandlerMapping [314] - Mapped URL path [/**] onto handler 'org.springframework.web.servlet.resource.DefaultServletHttpRequestHandler#0'
[ INFO ] [2016-07-27 22:29:02] org.springframework.ui.freemarker.SpringTemplateLoader [61] - SpringTemplateLoader for FreeMarker: using resource loader [org.springframework.context.support.GenericApplicationContext@2698dc7: startup date [Wed Jul 27 22:29:01 CST 2016]; root of context hierarchy] and template loader path [/WEB-INF/views/]
[ INFO ] [2016-07-27 22:29:02] org.springframework.web.servlet.view.freemarker.FreeMarkerConfigurer [127] - ClassTemplateLoader for Spring macros added to FreeMarker configuration
[ INFO ] [2016-07-27 22:29:03] com.springmvc.auth.dao.UserDao [85] - findByIds sqlselect * from auth_user where id in (2,3)
[ INFO ] [2016-07-27 22:29:03] org.springframework.context.support.GenericApplicationContext [862] - Closing org.springframework.context.support.GenericApplicationContext@2698dc7: startup date [Wed Jul 27 22:29:01 CST 2016]; root of context hierarchy
[ INFO ] [2016-07-27 22:29:59] org.springframework.test.context.support.DefaultTestContextBootstrapper [256] - Loaded default TestExecutionListener class names from location [META-INF/spring.factories]: [org.springframework.test.context.web.ServletTestExecutionListener, org.springframework.test.context.support.DependencyInjectionTestExecutionListener, org.springframework.test.context.support.DirtiesContextTestExecutionListener, org.springframework.test.context.transaction.TransactionalTestExecutionListener, org.springframework.test.context.jdbc.SqlScriptsTestExecutionListener]
[ INFO ] [2016-07-27 22:29:59] org.springframework.test.context.support.DefaultTestContextBootstrapper [182] - Using TestExecutionListeners: [org.springframework.test.context.web.ServletTestExecutionListener@2de8284b, org.springframework.test.context.support.DependencyInjectionTestExecutionListener@396e2f39, org.springframework.test.context.support.DirtiesContextTestExecutionListener@a74868d, org.springframework.test.context.transaction.TransactionalTestExecutionListener@12c8a2c0, org.springframework.test.context.jdbc.SqlScriptsTestExecutionListener@7e0e6aa2]
[ INFO ] [2016-07-27 22:29:59] org.springframework.beans.factory.xml.XmlBeanDefinitionReader [317] - Loading XML bean definitions from class path resource [spring-applicationContext.xml]
[ INFO ] [2016-07-27 22:30:00] org.springframework.context.support.GenericApplicationContext [510] - Refreshing org.springframework.context.support.GenericApplicationContext@2698dc7: startup date [Wed Jul 27 22:30:00 CST 2016]; root of context hierarchy
[ INFO ] [2016-07-27 22:30:00] org.springframework.beans.factory.config.PreferencesPlaceholderConfigurer [172] - Loading properties file from class path resource [conn.properties]
[ INFO ] [2016-07-27 22:30:00] org.springframework.web.servlet.mvc.method.annotation.RequestMappingHandlerMapping [217] - Mapped "{[/],methods=[],params=[],headers=[],consumes=[],produces=[],custom=[]}" onto public java.lang.String com.springmvc.auth.controller.WebController.index()
[ INFO ] [2016-07-27 22:30:01] org.springframework.web.servlet.mvc.method.annotation.RequestMappingHandlerAdapter [517] - Looking for @ControllerAdvice: org.springframework.context.support.GenericApplicationContext@2698dc7: startup date [Wed Jul 27 22:30:00 CST 2016]; root of context hierarchy
[ INFO ] [2016-07-27 22:30:01] org.springframework.web.servlet.mvc.method.annotation.RequestMappingHandlerAdapter [517] - Looking for @ControllerAdvice: org.springframework.context.support.GenericApplicationContext@2698dc7: startup date [Wed Jul 27 22:30:00 CST 2016]; root of context hierarchy
[ INFO ] [2016-07-27 22:30:01] org.springframework.web.servlet.handler.SimpleUrlHandlerMapping [314] - Mapped URL path [/**] onto handler 'org.springframework.web.servlet.resource.DefaultServletHttpRequestHandler#0'
[ INFO ] [2016-07-27 22:30:01] org.springframework.ui.freemarker.SpringTemplateLoader [61] - SpringTemplateLoader for FreeMarker: using resource loader [org.springframework.context.support.GenericApplicationContext@2698dc7: startup date [Wed Jul 27 22:30:00 CST 2016]; root of context hierarchy] and template loader path [/WEB-INF/views/]
[ INFO ] [2016-07-27 22:30:01] org.springframework.web.servlet.view.freemarker.FreeMarkerConfigurer [127] - ClassTemplateLoader for Spring macros added to FreeMarker configuration
[ INFO ] [2016-07-27 22:30:01] com.springmvc.auth.dao.UserDao [85] - findByIds sqlselect * from auth_user where id in (2,3)
[ INFO ] [2016-07-27 22:30:02] org.springframework.context.support.GenericApplicationContext [862] - Closing org.springframework.context.support.GenericApplicationContext@2698dc7: startup date [Wed Jul 27 22:30:00 CST 2016]; root of context hierarchy
